Release 14.7 - ngc2edif P.20131013 (nt64)
Copyright (c) 1995-2013 Xilinx, Inc.  All rights reserved.
Reading design tb1.ngc ...
WARNING:NetListWriters:298 - No output is written to tb1.xncf, ignored.
Processing design ...
   Preping design's networks ...
   Preping design's macros ...
  finished :Prep
Writing EDIF netlist file tb1.edif ...
ngc2edif: Total memory usage is 78788 kilobytes

Release 14.7 - ngc2edif P.20131013 (nt64)
Copyright (c) 1995-2013 Xilinx, Inc.  All rights reserved.
Reading design tb1.ngc ...
WARNING:NetListWriters:298 - No output is written to tb1.xncf, ignored.
Processing design ...
   Preping design's networks ...
   Preping design's macros ...
  finished :Prep
Writing EDIF netlist file tb1.edif ...
ngc2edif: Total memory usage is 78660 kilobytes

Release 14.7 - ngc2edif P.20131013 (nt64)
Copyright (c) 1995-2013 Xilinx, Inc.  All rights reserved.
Reading design decoter.ngc ...
WARNING:NetListWriters:298 - No output is written to decoter.xncf, ignored.
Processing design ...
   Preping design's networks ...
   Preping design's macros ...
  finished :Prep
Writing EDIF netlist file decoter.edif ...
ngc2edif: Total memory usage is 78340 kilobytes

Release 14.7 - ngc2edif P.20131013 (nt64)
Copyright (c) 1995-2013 Xilinx, Inc.  All rights reserved.
Reading design decoter.ngc ...
WARNING:NetListWriters:298 - No output is written to decoter.xncf, ignored.
Processing design ...
   Preping design's networks ...
   Preping design's macros ...
  finished :Prep
Writing EDIF netlist file decoter.edif ...
ngc2edif: Total memory usage is 78660 kilobytes

Release 14.7 - ngc2edif P.20131013 (nt64)
Copyright (c) 1995-2013 Xilinx, Inc.  All rights reserved.
Reading design decoter.ngc ...
WARNING:NetListWriters:298 - No output is written to decoter.xncf, ignored.
Processing design ...
   Preping design's networks ...
   Preping design's macros ...
  finished :Prep
Writing EDIF netlist file decoter.edif ...
ngc2edif: Total memory usage is 78660 kilobytes

