Running: E:\Xilinx\14.7\ISE_DS\ISE\bin\nt64\unwrapped\fuse.exe -intstyle ise -incremental -lib unisims_ver -lib unimacro_ver -lib xilinxcorelib_ver -lib secureip -o E:/Xilinx/New folder/new/finitemachin/tb_isim_beh.exe -prj E:/Xilinx/New folder/new/finitemachin/tb_beh.prj work.tb work.glbl 
ISim P.20131013 (signature 0x7708f090)
Number of CPUs detected in this system: 4
Turning on mult-threading, number of parallel sub-compilation jobs: 8 
Determining compilation order of HDL files
Analyzing Verilog file "E:/Xilinx/New folder/new/finitemachin/fda.v" into library work
Analyzing Verilog file "E:/Xilinx/14.7/ISE_DS/ISE//verilog/src/glbl.v" into library work
Starting static elaboration
Completed static elaboration
Compiling module shift_reg
Compiling module seq_det
Compiling module checker
Compiling module all
Compiling module tb
Compiling module glbl
Time Resolution for simulation is 1ps.
Waiting for 5 sub-compilation(s) to finish...
Compiled 6 Verilog Units
Built simulation executable E:/Xilinx/New folder/new/finitemachin/tb_isim_beh.exe
Fuse Memory Usage: 27160 KB
Fuse CPU Usage: 451 ms
