ISim log file
Running: E:\Xilinx\New folder\new\finitemachin\tb_isim_beh.exe -intstyle ise -gui -tclbatch isim.cmd -wdb E:/Xilinx/New folder/new/finitemachin/tb_isim_beh.wdb 
ISim P.20131013 (signature 0x7708f090)
This is a Full version of ISim.
Time resolution is 1 ps
# onerror resume
# wave add /
# run 1000 ns
Simulator is doing circuit initialization process.
Finished circuit initialization process.
0  0
0  1
0  2
0  5
0 10
0  4
0  8
0  0
2  0
0  0
2  0
0  0
0  1
0  3
1  7
0 14
0 12
0  8
0  0
0  1
0  2
0  5
0 11
0  7
0 15
0 14
1 13
0 11
0  7
1 14
0 12
0  8
0  0
